<?xml version="1.0" encoding="UTF-8"?>
<beans xmlns="http://www.springframework.org/schema/beans"
	xmlns:xsi="http://www.w3.org/2001/XMLSchema-instance"
	xmlns:context="http://www.springframework.org/schema/context"
	xmlns:util="http://www.springframework.org/schema/util"
	xmlns:mvc="http://www.springframework.org/schema/mvc"
	xmlns:aop="http://www.springframework.org/schema/aop"
	xsi:schemaLocation="
		http://www.springframework.org/schema/beans http://www.springframework.org/schema/beans/spring-beans.xsd
		http://www.springframework.org/schema/context http://www.springframework.org/schema/context/spring-context.xsd
		http://www.springframework.org/schema/util http://www.springframework.org/schema/util/spring-util.xsd
		http://www.springframework.org/schema/mvc http://www.springframework.org/schema/mvc/spring-mvc.xsd
		http://www.springframework.org/schema/aop http://www.springframework.org/schema/aop/spring-aop.xsd">
		
	<!-- enable autowiring of components -->
	<context:component-scan base-package="com.sawert.sandbox.spring.mvc" />
	
	<!-- enable the Spring MVC @Controller programming model -->
	<!-- configure default message converters for @ResponseBody json and xml -->
	<mvc:annotation-driven />
		
    <!-- servlet filter -->
   	<bean id="testFilter" class="com.sawert.sandbox.spring.mvc.filter.TestFilter">
	</bean>

    <!-- sample data -->
	<util:list id="testModelList" value-type="com.sawert.sandbox.spring.mvc.model.TestModel">
		<bean class="com.sawert.sandbox.spring.mvc.model.TestModel">
			<constructor-arg value="id01"/>
			<constructor-arg value="name1"/>
			<constructor-arg value="value1"/>
		</bean>
		<bean class="com.sawert.sandbox.spring.mvc.model.TestModel">
			<constructor-arg value="id02"/>
			<constructor-arg value="name2"/>
			<constructor-arg value="value2"/>
		</bean>
	</util:list>

	<!-- services -->
    <bean id="testModelService" class="com.sawert.sandbox.spring.mvc.service.impl.TestModelServiceListImpl">
    	<constructor-arg ref="testModelList" />
	</bean>

	<!-- for integration tests only -->
	<bean id="jettyBaseUrl" class="java.lang.String" factory-method="valueOf">
	    <constructor-arg value="http://localhost:9091"/>
  	</bean>
	
	<!-- spring logging -->
	<!--
	<bean id="log4jInitialization" class="org.springframework.beans.factory.config.MethodInvokingFactoryBean">
		<property name="targetClass" value="org.springframework.util.Log4jConfigurer" />
		<property name="targetMethod" value="initLogging" />
		<property name="arguments">
			<list>
				<value>classpath:properties/log4j.properties</value>
			</list>
		</property>
	</bean>
	-->
</beans>