<?xml version="1.0" encoding="UTF-8"?>
<beans xmlns="http://www.springframework.org/schema/beans"
	xmlns:xsi="http://www.w3.org/2001/XMLSchema-instance"
	xmlns:p="http://www.springframework.org/schema/p"
	xmlns:context="http://www.springframework.org/schema/context"
	xmlns:util="http://www.springframework.org/schema/util"
	xsi:schemaLocation="
		http://www.springframework.org/schema/beans
		http://www.springframework.org/schema/beans/spring-beans.xsd
		http://www.springframework.org/schema/context
		http://www.springframework.org/schema/context/spring-context.xsd
		http://www.springframework.org/schema/util
		http://www.springframework.org/schema/util/spring-util.xsd">

	<util:list id="testModelList" value-type="com.sawert.sandbox.spring.mvc.model.TestModel">
		<bean class="com.sawert.sandbox.spring.mvc.model.TestModel">
			<constructor-arg value="id01"/>
			<constructor-arg value="name1"/>
			<constructor-arg value="value1"/>
		</bean>
		<bean class="com.sawert.sandbox.spring.mvc.model.TestModel">
			<constructor-arg value="id02"/>
			<constructor-arg value="name2"/>
			<constructor-arg value="value2"/>
		</bean>
	</util:list>
	
	<bean id="testModelService" class="com.sawert.sandbox.spring.mvc.service.impl.TestModelServiceListImpl">
		<constructor-arg ref="testModelList" />
	</bean>
	
</beans>